Environment variables:
  - =E:=E:\Nilam\Project\Core_Sonar
  - ALLUSERSPROFILE=C:\ProgramData
  - APPDATA=C:\Users\tblock\AppData\Roaming
  - CAKE=True
  - CAKE_VERSION=0.31.0
  - COMPOSE_CONVERT_WINDOWS_PATHS=true
  - COMPUTERNAME=DESKTOP-RP31T2S
  - ComSpec=C:\WINDOWS\system32\cmd.exe
  - CommonProgramFiles=C:\Program Files\Common Files
  - CommonProgramFiles(x86)=C:\Program Files (x86)\Common Files
  - CommonProgramW6432=C:\Program Files\Common Files
  - DOCKER_CERT_PATH=C:\Users\tblock\.docker\machine\machines\default
  - DOCKER_HOST=tcp://192.168.99.100:2376
  - DOCKER_MACHINE_NAME=default
  - DOCKER_TLS_VERIFY=1
  - DriverData=C:\Windows\System32\Drivers\DriverData
  - ERROR_CODE=0
  - FPS_BROWSER_APP_PROFILE_STRING=Internet Explorer
  - FPS_BROWSER_USER_PROFILE_STRING=Default
  - HOMEDRIVE=C:
  - HOMEPATH=\Users\tblock
  - JAVA_EXEC="C:\Program Files (x86)\Common Files\Oracle\Java\javapath\java.exe"
  - LOCALAPPDATA=C:\Users\tblock\AppData\Local
  - LOGONSERVER=\\DESKTOP-RP31T2S
  - MSMPI_BIN=C:\Program Files\Microsoft MPI\Bin\
  - NO_PROXY=192.168.99.100
  - NUGET_EXE=E:\Nilam\Project\Core_Sonar\tools\nuget.exe
  - NUMBER_OF_PROCESSORS=4
  - OS=Windows_NT
  - OneDrive=C:\Users\tblock\OneDrive
  - PATHEXT=.COM;.EXE;.BAT;.CMD;.VBS;.VBE;.JS;.JSE;.WSF;.WSH;.MSC;.CPL
  - PROCESSOR_ARCHITECTURE=AMD64
  - PROCESSOR_IDENTIFIER=Intel64 Family 6 Model 69 Stepping 1, GenuineIntel
  - PROCESSOR_LEVEL=6
  - PROCESSOR_REVISION=4501
  - PROJECT_HOME=E:\Nilam\Project\core_sonar
  - PROMPT=$P$G
  - PSExecutionPolicyPreference=Bypass
  - PSModulePath=C:\Users\tblock\Documents\WindowsPowerShell\Modules;C:\Program Files\WindowsPowerShell\Modules;C:\WINDOWS\system32\WindowsPowerShell\v1.0\Modules;C:\Program Files (x86)\Microsoft SQL Server\110\Tools\PowerShell\Modules\;C:\Program Files (x86)\Microsoft SQL Server\140\Tools\PowerShell\Modules\
  - PUBLIC=C:\Users\Public
  - Path=C:\Program Files\Microsoft MPI\Bin\;C:\Program Files (x86)\Common Files\Oracle\Java\javapath;C:\WINDOWS\system32;C:\WINDOWS;C:\WINDOWS\System32\Wbem;C:\WINDOWS\System32\WindowsPowerShell\v1.0\;C:\Program Files\Microsoft SQL Server\130\Tools\Binn\;C:\Program Files\dotnet\;C:\Program Files\Microsoft SQL Server\110\DTS\Binn\;C:\Program Files (x86)\Microsoft SQL Server\110\Tools\Binn\;C:\Program Files\Microsoft SQL Server\110\Tools\Binn\;C:\Program Files (x86)\Microsoft SQL Server\110\Tools\Binn\ManagementStudio\;C:\Program Files (x86)\Microsoft Visual Studio 10.0\Common7\IDE\PrivateAssemblies\;C:\Program Files (x86)\Microsoft SQL Server\110\DTS\Binn\;C:\WINDOWS\System32\OpenSSH\;C:\Program Files\Git\cmd;C:\Program Files\nodejs\;C:\Program Files (x86)\Microsoft SQL Server\140\Tools\Binn\;C:\Program Files\Microsoft SQL Server\140\Tools\Binn\;C:\Program Files (x86)\Microsoft SQL Server\140\DTS\Binn\;C:\Program Files\Microsoft SQL Server\140\DTS\Binn\;C:\Program Files\Microsoft SQL Server\Client SDK\ODBC\130\Tools\Binn\;C:\Program Files (x86)\Microsoft SQL Server\Client SDK\ODBC\130\Tools\Binn\;C:\Program Files (x86)\Microsoft SQL Server\140\Tools\Binn\ManagementStudio\;C:\Program Files\Microsoft VS Code\bin;C:\Program Files\Microsoft\Web Platform Installer\;C:\Program Files\Microsoft Service Fabric\bin\Fabric\Fabric.Code;C:\Program Files\Microsoft SDKs\Service Fabric\Tools\ServiceFabricLocalClusterManager;C:\Python\Python37;C:\Python\Python37\Scripts\;C:\Python\Python37\;C:\Users\tblock\AppData\Local\Microsoft\WindowsApps;C:\Users\tblock\AppData\Local\GitHubDesktop\bin;C:\Users\tblock\AppData\Roaming\npm;C:\Users\tblock\.dotnet\tools
  - ProgramData=C:\ProgramData
  - ProgramFiles=C:\Program Files
  - ProgramFiles(x86)=C:\Program Files (x86)
  - ProgramW6432=C:\Program Files
  - SESSIONNAME=Console
  - SONAR_SCANNER_HOME=E:\Nilam\Project\Core_Sonar\tools\MSBuild.SonarQube.Runner.Tool.4.3.1\tools\sonar-scanner-msbuild-4.3.1.1372-net46\sonar-scanner-3.2.0.1227\bin\..
  - SONAR_SCANNER_OPTS=-Xmx1024m
  - SynaProgDir=Synaptics\SynTP
  - SystemDrive=C:
  - SystemRoot=C:\WINDOWS
  - TEMP=C:\Users\tblock\AppData\Local\Temp
  - TMP=C:\Users\tblock\AppData\Local\Temp
  - USERDOMAIN=DESKTOP-RP31T2S
  - USERDOMAIN_ROAMINGPROFILE=DESKTOP-RP31T2S
  - USERNAME=tblock
  - USERPROFILE=C:\Users\tblock
  - scriptdir=E:\Nilam\Project\Core_Sonar\tools\MSBuild.SonarQube.Runner.Tool.4.3.1\tools\sonar-scanner-msbuild-4.3.1.1372-net46\sonar-scanner-3.2.0.1227\bin
  - use_embedded_jre=false
  - windir=C:\WINDOWS
System properties:
  - awt.toolkit=sun.awt.windows.WToolkit
  - file.encoding=Cp1252
  - file.encoding.pkg=sun.io
  - file.separator=\
  - java.awt.graphicsenv=sun.awt.Win32GraphicsEnvironment
  - java.awt.headless=true
  - java.awt.printerjob=sun.awt.windows.WPrinterJob
  - java.class.path=E:\Nilam\Project\Core_Sonar\tools\MSBuild.SonarQube.Runner.Tool.4.3.1\tools\sonar-scanner-msbuild-4.3.1.1372-net46\sonar-scanner-3.2.0.1227\bin\..\lib\sonar-scanner-cli-3.2.0.1227.jar
  - java.class.version=52.0
  - java.endorsed.dirs=C:\Program Files\Java\jre1.8.0_191\lib\endorsed
  - java.ext.dirs=C:\Program Files\Java\jre1.8.0_191\lib\ext;C:\WINDOWS\Sun\Java\lib\ext
  - java.home=C:\Program Files\Java\jre1.8.0_191
  - java.io.tmpdir=C:\Users\tblock\AppData\Local\Temp\
  - java.library.path=C:\Program Files (x86)\Common Files\Oracle\Java\javapath;C:\WINDOWS\Sun\Java\bin;C:\WINDOWS\system32;C:\WINDOWS;C:\Program Files\Microsoft MPI\Bin\;C:\Program Files (x86)\Common Files\Oracle\Java\javapath;C:\WINDOWS\system32;C:\WINDOWS;C:\WINDOWS\System32\Wbem;C:\WINDOWS\System32\WindowsPowerShell\v1.0\;C:\Program Files\Microsoft SQL Server\130\Tools\Binn\;C:\Program Files\dotnet\;C:\Program Files\Microsoft SQL Server\110\DTS\Binn\;C:\Program Files (x86)\Microsoft SQL Server\110\Tools\Binn\;C:\Program Files\Microsoft SQL Server\110\Tools\Binn\;C:\Program Files (x86)\Microsoft SQL Server\110\Tools\Binn\ManagementStudio\;C:\Program Files (x86)\Microsoft Visual Studio 10.0\Common7\IDE\PrivateAssemblies\;C:\Program Files (x86)\Microsoft SQL Server\110\DTS\Binn\;C:\WINDOWS\System32\OpenSSH\;C:\Program Files\Git\cmd;C:\Program Files\nodejs\;C:\Program Files (x86)\Microsoft SQL Server\140\Tools\Binn\;C:\Program Files\Microsoft SQL Server\140\Tools\Binn\;C:\Program Files (x86)\Microsoft SQL Server\140\DTS\Binn\;C:\Program Files\Microsoft SQL Server\140\DTS\Binn\;C:\Program Files\Microsoft SQL Server\Client SDK\ODBC\130\Tools\Binn\;C:\Program Files (x86)\Microsoft SQL Server\Client SDK\ODBC\130\Tools\Binn\;C:\Program Files (x86)\Microsoft SQL Server\140\Tools\Binn\ManagementStudio\;C:\Program Files\Microsoft VS Code\bin;C:\Program Files\Microsoft\Web Platform Installer\;C:\Program Files\Microsoft Service Fabric\bin\Fabric\Fabric.Code;C:\Program Files\Microsoft SDKs\Service Fabric\Tools\ServiceFabricLocalClusterManager;C:\Python\Python37;C:\Python\Python37\Scripts\;C:\Python\Python37\;C:\Users\tblock\AppData\Local\Microsoft\WindowsApps;C:\Users\tblock\AppData\Local\GitHubDesktop\bin;C:\Users\tblock\AppData\Roaming\npm;C:\Users\tblock\.dotnet\tools;.
  - java.runtime.name=Java(TM) SE Runtime Environment
  - java.runtime.version=1.8.0_191-b12
  - java.specification.name=Java Platform API Specification
  - java.specification.vendor=Oracle Corporation
  - java.specification.version=1.8
  - java.vendor=Oracle Corporation
  - java.vendor.url=http://java.oracle.com/
  - java.vendor.url.bug=http://bugreport.sun.com/bugreport/
  - java.version=1.8.0_191
  - java.vm.info=mixed mode
  - java.vm.name=Java HotSpot(TM) 64-Bit Server VM
  - java.vm.specification.name=Java Virtual Machine Specification
  - java.vm.specification.vendor=Oracle Corporation
  - java.vm.specification.version=1.8
  - java.vm.vendor=Oracle Corporation
  - java.vm.version=25.191-b12
  - line.separator=

  - os.arch=amd64
  - os.name=Windows 10
  - os.version=10.0
  - path.separator=;
  - project.home=E:\Nilam\Project\core_sonar
  - scanner.home=E:\Nilam\Project\Core_Sonar\tools\MSBuild.SonarQube.Runner.Tool.4.3.1\tools\sonar-scanner-msbuild-4.3.1.1372-net46\sonar-scanner-3.2.0.1227\bin\..
  - sun.arch.data.model=64
  - sun.boot.class.path=C:\Program Files\Java\jre1.8.0_191\lib\resources.jar;C:\Program Files\Java\jre1.8.0_191\lib\rt.jar;C:\Program Files\Java\jre1.8.0_191\lib\sunrsasign.jar;C:\Program Files\Java\jre1.8.0_191\lib\jsse.jar;C:\Program Files\Java\jre1.8.0_191\lib\jce.jar;C:\Program Files\Java\jre1.8.0_191\lib\charsets.jar;C:\Program Files\Java\jre1.8.0_191\lib\jfr.jar;C:\Program Files\Java\jre1.8.0_191\classes
  - sun.boot.library.path=C:\Program Files\Java\jre1.8.0_191\bin
  - sun.cpu.endian=little
  - sun.cpu.isalist=amd64
  - sun.desktop=windows
  - sun.io.unicode.encoding=UnicodeLittle
  - sun.java.command=org.sonarsource.scanner.cli.Main -Dsonar.login=admin -Dsonar.password=admin -Dsonar.scanAllFiles=true -Dproject.settings=E:\Nilam\Project\core_sonar\.sonarqube\out\sonar-project.properties --embedded
  - sun.java.launcher=SUN_STANDARD
  - sun.jnu.encoding=Cp1252
  - sun.management.compiler=HotSpot 64-Bit Tiered Compilers
  - sun.os.patch.level=
  - user.country=IN
  - user.dir=E:\Nilam\Project\core_sonar
  - user.home=C:\Users\tblock
  - user.language=en
  - user.name=tblock
  - user.script=
  - user.timezone=Asia/Calcutta
  - user.variant=
SonarQube plugins:
  - SonarPython 1.10.0.2131 (python)
  - SonarCSS 1.0.3.724 (cssfamily)
  - JaCoCo 1.0.1.143 (jacoco)
  - SonarGo 1.1.0.1612 (go)
  - SonarKotlin 1.4.0.155 (kotlin)
  - Svn 1.9.0.1295 (scmsvn)
  - SonarJS 5.0.0.6962 (javascript)
  - SonarRuby 1.4.0.155 (ruby)
  - SonarScala 1.4.0.155 (sonarscala)
  - SonarC# 7.9.1.7622 (csharp)
  - SonarJava 5.9.2.16552 (java)
  - LDAP 2.2.0.608 (ldap)
  - Git 1.6.0.1349 (scmgit)
  - SonarFlex 2.4.0.1222 (flex)
  - SonarXML 1.5.1.1452 (xml)
  - SonarPHP 2.15.0.4060 (php)
  - SonarTS 1.8.0.3332 (typescript)
  - SonarVB 7.9.1.7622 (vbnet)
Global properties:
  - sonar.core.id=BF41A1F2-AWfudkd2lN89cwZRxLqD
  - sonar.core.startTime=2018-12-27T12:29:46+0530
Settings for module: core_sonar_2:core_sonar_2:B3697192-6DFB-47FF-B1CA-5165577689B9
  - sonar.cs.analyzer.projectOutPath=E:\Nilam\Project\core_sonar\.sonarqube\out\0
  - sonar.cs.analyzer.projectOutPaths="E:\Nilam\Project\core_sonar\.sonarqube\out\0"
  - sonar.cs.roslyn.reportFilePath=E:\Nilam\Project\core_sonar\Core_Sonar\bin\Release\netcoreapp2.1\Core_Sonar.dll.RoslynCA.json
  - sonar.cs.roslyn.reportFilePaths="E:\Nilam\Project\core_sonar\Core_Sonar\bin\Release\netcoreapp2.1\Core_Sonar.dll.RoslynCA.json"
  - sonar.moduleKey=core_sonar_2:core_sonar_2:B3697192-6DFB-47FF-B1CA-5165577689B9
  - sonar.projectKey=core_sonar_2:core_sonar_2:B3697192-6DFB-47FF-B1CA-5165577689B9
  - sonar.projectName=Core_Sonar
  - sonar.sourceEncoding=utf-8
  - sonar.sources="E:\Nilam\Project\core_sonar\Core_Sonar\Controllers\ValuesController.cs","E:\Nilam\Project\core_sonar\Core_Sonar\Program.cs","E:\Nilam\Project\core_sonar\Core_Sonar\Startup.cs","E:\Nilam\Project\core_sonar\Core_Sonar\obj\Release\netcoreapp2.1\Core_Sonar.RazorAssemblyInfo.cs","E:\Nilam\Project\core_sonar\Core_Sonar\obj\Release\netcoreapp2.1\Core_Sonar.AssemblyInfo.cs","E:\Nilam\Project\core_sonar\Core_Sonar\tools\Cake\Cake.exe.config","E:\Nilam\Project\core_sonar\Core_Sonar\tools\OctopusTools.4.45.0\tools\Octo.exe.config","E:\Nilam\Project\core_sonar\Core_Sonar\tools\packages.config","E:\Nilam\Project\core_sonar\Core_Sonar\appsettings.Development.json","E:\Nilam\Project\core_sonar\Core_Sonar\appsettings.json","E:\Nilam\Project\core_sonar\Core_Sonar\Properties\launchSettings.json","E:\Nilam\Project\core_sonar\Core_Sonar\tools\Addins\Cake.Coverlet.2.1.2\.signature.p7s","E:\Nilam\Project\core_sonar\Core_Sonar\tools\Addins\Cake.Coverlet.2.1.2\Cake.Coverlet.2.1.2.nupkg","E:\Nilam\Project\...
Settings for module: core_sonar_2
  - sonar.host.url=http://localhost:9000/
  - sonar.login=******
  - sonar.modules=B3697192-6DFB-47FF-B1CA-5165577689B9
  - sonar.password=******
  - sonar.projectBaseDir=E:\Nilam\Project\core_sonar\Core_Sonar
  - sonar.projectKey=core_sonar_2
  - sonar.projectName=Sonar Demo App
  - sonar.projectVersion=1.0.0.0
  - sonar.scanAllFiles=true
  - sonar.scanner.app=ScannerCli
  - sonar.scanner.appVersion=3.2.0.1227
  - sonar.sourceEncoding=windows-1252
  - sonar.verbose=true
  - sonar.visualstudio.enable=false
  - sonar.working.directory=E:\Nilam\Project\core_sonar\.sonarqube\out\.sonar
